<?xml version="1.0" encoding="UTF-8"?>
<!-- Generated by org.testng.reporters.JUnitReportReporter -->
<testsuite hostname="mindc1d359" failures="0" tests="1" name="Mindtree.nobroker.Test02login" time="40.580" errors="0" timestamp="05 Jun 2022 08:56:52 GMT" skipped="0">
  <testcase classname="Mindtree.nobroker.Test02login" name="Test2" time="40.580"/>
</testsuite> <!-- Mindtree.nobroker.Test02login -->
