<?xml version="1.0" encoding="UTF-8"?>
<!-- Generated by org.testng.reporters.JUnitReportReporter -->
<testsuite hostname="mindc1d359" failures="0" tests="1" name="Mindtree.nobroker.Test04_signout" time="20.126" errors="0" timestamp="04 Jun 2022 17:21:14 GMT" skipped="0">
  <testcase classname="Mindtree.nobroker.Test04_signout" name="Test4" time="20.126"/>
</testsuite> <!-- Mindtree.nobroker.Test04_signout -->
